<?xml version="1.0" encoding="UTF-8"?>
<robot generator="Robot 6.1.1 (Python 3.11.0 on win32)" generated="20241120 13:52:38.927" rpa="false" schemaversion="4">
<suite id="s1" name="Tests" source="D:\kurssit\tjt\Syventävät\TEKA3003\TEKA3003\osa3\login-robot\src\tests">
<suite id="s1-s1" name="Login" source="D:\kurssit\tjt\Syventävät\TEKA3003\TEKA3003\osa3\login-robot\src\tests\login.robot">
<test id="s1-s1-t1" name="Login With Correct Credentials" line="6">
<kw name="Create User And Input Login Command" type="SETUP">
<kw name="Create User" library="AppLibrary">
<arg>kalle</arg>
<arg>kalle123</arg>
<status status="PASS" starttime="20241120 13:52:38.952" endtime="20241120 13:52:38.952"/>
</kw>
<kw name="Input Login Command" library="resource">
<kw name="Input" library="AppLibrary">
<arg>login</arg>
<status status="PASS" starttime="20241120 13:52:38.952" endtime="20241120 13:52:38.952"/>
</kw>
<status status="PASS" starttime="20241120 13:52:38.952" endtime="20241120 13:52:38.952"/>
</kw>
<status status="PASS" starttime="20241120 13:52:38.952" endtime="20241120 13:52:38.952"/>
</kw>
<kw name="Input Credentials" library="resource">
<arg>kalle</arg>
<arg>kalle123</arg>
<kw name="Input" library="AppLibrary">
<arg>${username}</arg>
<status status="PASS" starttime="20241120 13:52:38.953" endtime="20241120 13:52:38.953"/>
</kw>
<kw name="Input" library="AppLibrary">
<arg>${password}</arg>
<status status="PASS" starttime="20241120 13:52:38.953" endtime="20241120 13:52:38.953"/>
</kw>
<kw name="Run Application" library="AppLibrary">
<status status="PASS" starttime="20241120 13:52:38.953" endtime="20241120 13:52:38.953"/>
</kw>
<status status="PASS" starttime="20241120 13:52:38.953" endtime="20241120 13:52:38.953"/>
</kw>
<kw name="Output Should Contain" library="AppLibrary">
<arg>Logged in</arg>
<status status="PASS" starttime="20241120 13:52:38.953" endtime="20241120 13:52:38.953"/>
</kw>
<status status="PASS" starttime="20241120 13:52:38.952" endtime="20241120 13:52:38.954"/>
</test>
<test id="s1-s1-t2" name="Login With Incorrect Password" line="16">
<kw name="Create User And Input Login Command" type="SETUP">
<kw name="Create User" library="AppLibrary">
<arg>kalle</arg>
<arg>kalle123</arg>
<status status="PASS" starttime="20241120 13:52:38.954" endtime="20241120 13:52:38.954"/>
</kw>
<kw name="Input Login Command" library="resource">
<kw name="Input" library="AppLibrary">
<arg>login</arg>
<status status="PASS" starttime="20241120 13:52:38.955" endtime="20241120 13:52:38.955"/>
</kw>
<status status="PASS" starttime="20241120 13:52:38.955" endtime="20241120 13:52:38.955"/>
</kw>
<status status="PASS" starttime="20241120 13:52:38.954" endtime="20241120 13:52:38.955"/>
</kw>
<kw name="Input Credentials" library="resource">
<arg>kalle</arg>
<arg>wrong</arg>
<kw name="Input" library="AppLibrary">
<arg>${username}</arg>
<status status="PASS" starttime="20241120 13:52:38.955" endtime="20241120 13:52:38.955"/>
</kw>
<kw name="Input" library="AppLibrary">
<arg>${password}</arg>
<status status="PASS" starttime="20241120 13:52:38.955" endtime="20241120 13:52:38.955"/>
</kw>
<kw name="Run Application" library="AppLibrary">
<status status="PASS" starttime="20241120 13:52:38.955" endtime="20241120 13:52:38.955"/>
</kw>
<status status="PASS" starttime="20241120 13:52:38.955" endtime="20241120 13:52:38.955"/>
</kw>
<kw name="Output Should Contain" library="AppLibrary">
<arg>Invalid username or password</arg>
<status status="PASS" starttime="20241120 13:52:38.955" endtime="20241120 13:52:38.956"/>
</kw>
<status status="PASS" starttime="20241120 13:52:38.954" endtime="20241120 13:52:38.956"/>
</test>
<test id="s1-s1-t3" name="Login With Nonexistent Username" line="20">
<kw name="Create User And Input Login Command" type="SETUP">
<kw name="Create User" library="AppLibrary">
<arg>kalle</arg>
<arg>kalle123</arg>
<status status="PASS" starttime="20241120 13:52:38.956" endtime="20241120 13:52:38.957"/>
</kw>
<kw name="Input Login Command" library="resource">
<kw name="Input" library="AppLibrary">
<arg>login</arg>
<status status="PASS" starttime="20241120 13:52:38.957" endtime="20241120 13:52:38.957"/>
</kw>
<status status="PASS" starttime="20241120 13:52:38.957" endtime="20241120 13:52:38.957"/>
</kw>
<status status="PASS" starttime="20241120 13:52:38.956" endtime="20241120 13:52:38.957"/>
</kw>
<kw name="Input Credentials" library="resource">
<arg>nonexisting</arg>
<arg>wrong</arg>
<kw name="Input" library="AppLibrary">
<arg>${username}</arg>
<status status="PASS" starttime="20241120 13:52:38.957" endtime="20241120 13:52:38.957"/>
</kw>
<kw name="Input" library="AppLibrary">
<arg>${password}</arg>
<status status="PASS" starttime="20241120 13:52:38.957" endtime="20241120 13:52:38.957"/>
</kw>
<kw name="Run Application" library="AppLibrary">
<status status="PASS" starttime="20241120 13:52:38.957" endtime="20241120 13:52:38.958"/>
</kw>
<status status="PASS" starttime="20241120 13:52:38.957" endtime="20241120 13:52:38.958"/>
</kw>
<kw name="Output Should Contain" library="AppLibrary">
<arg>Invalid username or password</arg>
<status status="PASS" starttime="20241120 13:52:38.958" endtime="20241120 13:52:38.958"/>
</kw>
<status status="PASS" starttime="20241120 13:52:38.956" endtime="20241120 13:52:38.958"/>
</test>
<status status="PASS" starttime="20241120 13:52:38.942" endtime="20241120 13:52:38.958"/>
</suite>
<suite id="s1-s2" name="Register" source="D:\kurssit\tjt\Syventävät\TEKA3003\TEKA3003\osa3\login-robot\src\tests\register.robot">
<test id="s1-s2-t1" name="Register With Valid Username And Password" line="6">
<kw name="Input Register Command" library="resource" type="SETUP">
<kw name="Input" library="AppLibrary">
<arg>new</arg>
<status status="PASS" starttime="20241120 13:52:38.962" endtime="20241120 13:52:38.962"/>
</kw>
<status status="PASS" starttime="20241120 13:52:38.962" endtime="20241120 13:52:38.962"/>
</kw>
<kw name="Input Credentials" library="resource">
<arg>kalle</arg>
<arg>kalle123</arg>
<kw name="Input" library="AppLibrary">
<arg>${username}</arg>
<status status="PASS" starttime="20241120 13:52:38.962" endtime="20241120 13:52:38.962"/>
</kw>
<kw name="Input" library="AppLibrary">
<arg>${password}</arg>
<status status="PASS" starttime="20241120 13:52:38.962" endtime="20241120 13:52:38.962"/>
</kw>
<kw name="Run Application" library="AppLibrary">
<status status="PASS" starttime="20241120 13:52:38.962" endtime="20241120 13:52:38.962"/>
</kw>
<status status="PASS" starttime="20241120 13:52:38.962" endtime="20241120 13:52:38.962"/>
</kw>
<kw name="Output Should Contain" library="AppLibrary">
<arg>New user registered</arg>
<status status="PASS" starttime="20241120 13:52:38.963" endtime="20241120 13:52:38.963"/>
</kw>
<status status="PASS" starttime="20241120 13:52:38.961" endtime="20241120 13:52:38.963"/>
</test>
<test id="s1-s2-t2" name="Register With Already Taken Username And Valid Password" line="10">
<kw name="Input Register Command" library="resource" type="SETUP">
<kw name="Input" library="AppLibrary">
<arg>new</arg>
<status status="PASS" starttime="20241120 13:52:38.964" endtime="20241120 13:52:38.964"/>
</kw>
<status status="PASS" starttime="20241120 13:52:38.964" endtime="20241120 13:52:38.964"/>
</kw>
<kw name="Create User" library="AppLibrary">
<arg>kalle</arg>
<arg>kalle123</arg>
<status status="PASS" starttime="20241120 13:52:38.964" endtime="20241120 13:52:38.964"/>
</kw>
<kw name="Input Credentials" library="resource">
<arg>kalle</arg>
<arg>kalle123</arg>
<kw name="Input" library="AppLibrary">
<arg>${username}</arg>
<status status="PASS" starttime="20241120 13:52:38.964" endtime="20241120 13:52:38.964"/>
</kw>
<kw name="Input" library="AppLibrary">
<arg>${password}</arg>
<status status="PASS" starttime="20241120 13:52:38.964" endtime="20241120 13:52:38.964"/>
</kw>
<kw name="Run Application" library="AppLibrary">
<status status="PASS" starttime="20241120 13:52:38.964" endtime="20241120 13:52:38.965"/>
</kw>
<status status="PASS" starttime="20241120 13:52:38.964" endtime="20241120 13:52:38.965"/>
</kw>
<kw name="Output Should Contain" library="AppLibrary">
<arg>User with username kalle already exists</arg>
<status status="PASS" starttime="20241120 13:52:38.965" endtime="20241120 13:52:38.965"/>
</kw>
<status status="PASS" starttime="20241120 13:52:38.963" endtime="20241120 13:52:38.965"/>
</test>
<test id="s1-s2-t3" name="Register With Too Short Username And Valid Password" line="15">
<kw name="Input Register Command" library="resource" type="SETUP">
<kw name="Input" library="AppLibrary">
<arg>new</arg>
<status status="PASS" starttime="20241120 13:52:38.966" endtime="20241120 13:52:38.966"/>
</kw>
<status status="PASS" starttime="20241120 13:52:38.965" endtime="20241120 13:52:38.966"/>
</kw>
<kw name="Input Credentials" library="resource">
<arg>ka</arg>
<arg>kalle123</arg>
<kw name="Input" library="AppLibrary">
<arg>${username}</arg>
<status status="PASS" starttime="20241120 13:52:38.966" endtime="20241120 13:52:38.966"/>
</kw>
<kw name="Input" library="AppLibrary">
<arg>${password}</arg>
<status status="PASS" starttime="20241120 13:52:38.966" endtime="20241120 13:52:38.966"/>
</kw>
<kw name="Run Application" library="AppLibrary">
<status status="PASS" starttime="20241120 13:52:38.966" endtime="20241120 13:52:38.966"/>
</kw>
<status status="PASS" starttime="20241120 13:52:38.966" endtime="20241120 13:52:38.966"/>
</kw>
<kw name="Output Should Contain" library="AppLibrary">
<arg>Username too short</arg>
<status status="PASS" starttime="20241120 13:52:38.966" endtime="20241120 13:52:38.966"/>
</kw>
<status status="PASS" starttime="20241120 13:52:38.965" endtime="20241120 13:52:38.967"/>
</test>
<test id="s1-s2-t4" name="Register With Enough Long But Invalid Username And Valid Password" line="19">
<kw name="Input Register Command" library="resource" type="SETUP">
<kw name="Input" library="AppLibrary">
<arg>new</arg>
<status status="PASS" starttime="20241120 13:52:38.967" endtime="20241120 13:52:38.967"/>
</kw>
<status status="PASS" starttime="20241120 13:52:38.967" endtime="20241120 13:52:38.967"/>
</kw>
<kw name="Input Credentials" library="resource">
<arg>kalle!</arg>
<arg>kalle123</arg>
<kw name="Input" library="AppLibrary">
<arg>${username}</arg>
<status status="PASS" starttime="20241120 13:52:38.968" endtime="20241120 13:52:38.968"/>
</kw>
<kw name="Input" library="AppLibrary">
<arg>${password}</arg>
<status status="PASS" starttime="20241120 13:52:38.968" endtime="20241120 13:52:38.968"/>
</kw>
<kw name="Run Application" library="AppLibrary">
<status status="PASS" starttime="20241120 13:52:38.968" endtime="20241120 13:52:38.968"/>
</kw>
<status status="PASS" starttime="20241120 13:52:38.968" endtime="20241120 13:52:38.968"/>
</kw>
<kw name="Output Should Contain" library="AppLibrary">
<arg>Username must contain only letters a-z</arg>
<status status="PASS" starttime="20241120 13:52:38.968" endtime="20241120 13:52:38.968"/>
</kw>
<status status="PASS" starttime="20241120 13:52:38.967" endtime="20241120 13:52:38.968"/>
</test>
<test id="s1-s2-t5" name="Register With Valid Username And Too Short Password" line="23">
<kw name="Input Register Command" library="resource" type="SETUP">
<kw name="Input" library="AppLibrary">
<arg>new</arg>
<status status="PASS" starttime="20241120 13:52:38.969" endtime="20241120 13:52:38.969"/>
</kw>
<status status="PASS" starttime="20241120 13:52:38.969" endtime="20241120 13:52:38.969"/>
</kw>
<kw name="Input Credentials" library="resource">
<arg>kalle</arg>
<arg>ka</arg>
<kw name="Input" library="AppLibrary">
<arg>${username}</arg>
<status status="PASS" starttime="20241120 13:52:38.969" endtime="20241120 13:52:38.969"/>
</kw>
<kw name="Input" library="AppLibrary">
<arg>${password}</arg>
<status status="PASS" starttime="20241120 13:52:38.969" endtime="20241120 13:52:38.969"/>
</kw>
<kw name="Run Application" library="AppLibrary">
<status status="PASS" starttime="20241120 13:52:38.969" endtime="20241120 13:52:38.970"/>
</kw>
<status status="PASS" starttime="20241120 13:52:38.969" endtime="20241120 13:52:38.970"/>
</kw>
<kw name="Output Should Contain" library="AppLibrary">
<arg>Password too short</arg>
<status status="PASS" starttime="20241120 13:52:38.970" endtime="20241120 13:52:38.970"/>
</kw>
<status status="PASS" starttime="20241120 13:52:38.969" endtime="20241120 13:52:38.970"/>
</test>
<test id="s1-s2-t6" name="Register With Valid Username And Long Enough Password Containing Only Letters" line="27">
<kw name="Input Register Command" library="resource" type="SETUP">
<kw name="Input" library="AppLibrary">
<arg>new</arg>
<status status="PASS" starttime="20241120 13:52:38.971" endtime="20241120 13:52:38.971"/>
</kw>
<status status="PASS" starttime="20241120 13:52:38.971" endtime="20241120 13:52:38.971"/>
</kw>
<kw name="Input Credentials" library="resource">
<arg>kalle</arg>
<arg>kallekallekalle</arg>
<kw name="Input" library="AppLibrary">
<arg>${username}</arg>
<status status="PASS" starttime="20241120 13:52:38.971" endtime="20241120 13:52:38.971"/>
</kw>
<kw name="Input" library="AppLibrary">
<arg>${password}</arg>
<status status="PASS" starttime="20241120 13:52:38.971" endtime="20241120 13:52:38.971"/>
</kw>
<kw name="Run Application" library="AppLibrary">
<status status="PASS" starttime="20241120 13:52:38.972" endtime="20241120 13:52:38.972"/>
</kw>
<status status="PASS" starttime="20241120 13:52:38.971" endtime="20241120 13:52:38.972"/>
</kw>
<kw name="Output Should Contain" library="AppLibrary">
<arg>Password must contain at least one non-letter character</arg>
<status status="PASS" starttime="20241120 13:52:38.972" endtime="20241120 13:52:38.972"/>
</kw>
<status status="PASS" starttime="20241120 13:52:38.970" endtime="20241120 13:52:38.972"/>
</test>
<status status="PASS" starttime="20241120 13:52:38.959" endtime="20241120 13:52:38.972"/>
</suite>
<status status="PASS" starttime="20241120 13:52:38.927" endtime="20241120 13:52:38.973"/>
</suite>
<statistics>
<total>
<stat pass="9" fail="0" skip="0">All Tests</stat>
</total>
<tag>
</tag>
<suite>
<stat pass="9" fail="0" skip="0" id="s1" name="Tests">Tests</stat>
<stat pass="3" fail="0" skip="0" id="s1-s1" name="Login">Tests.Login</stat>
<stat pass="6" fail="0" skip="0" id="s1-s2" name="Register">Tests.Register</stat>
</suite>
</statistics>
<errors>
</errors>
</robot>
